<?xml version="1.0" encoding="UTF-8"?>
<!-- Generated by org.testng.reporters.JUnitReportReporter -->
<testsuite hostname="m2" failures="0" tests="3" name="Framework.OrangeHRM" time="10.067" errors="0" timestamp="2020-11-02T14:40:30 IST" skipped="0">
  <testcase classname="Framework.OrangeHRM" name="init" time="5.733"/>
  <system-out/>
  <testcase classname="Framework.OrangeHRM" name="performance" time="1.201"/>
  <system-out/>
  <testcase classname="Framework.OrangeHRM" name="login" time="3.133"/>
  <system-out/>
</testsuite> <!-- Framework.OrangeHRM -->
