<?xml version="1.0" encoding="UTF-8"?>
<!-- Generated by org.testng.reporters.JUnitReportReporter -->
<testsuite hostname="m2" failures="0" tests="3" name="Framework.Sample" time="0.011" errors="0" timestamp="2020-11-02T14:40:30 IST" skipped="1">
  <testcase classname="Framework.Sample" name="y" time="0.009"/>
  <system-out/>
  <testcase classname="Framework.Sample" name="z" time="0.002"/>
  <system-out/>
  <testcase classname="Framework.Sample" name="x">
    <skipped/>
  </testcase> <!-- x -->
  <system-out/>
</testsuite> <!-- Framework.Sample -->
