<?xml version="1.0" encoding="UTF-8"?>
<!-- Generated by org.testng.reporters.JUnitReportReporter -->
<testsuite hostname="m2" failures="0" tests="2" name="Framework.AnnotationMethod" time="0.009" errors="0" timestamp="2020-11-02T15:37:10 IST" skipped="0">
  <testcase classname="Framework.AnnotationMethod" name="main1" time="0.006"/>
  <system-out/>
  <testcase classname="Framework.AnnotationMethod" name="main2" time="0.003"/>
  <system-out/>
</testsuite> <!-- Framework.AnnotationMethod -->
