<?xml version="1.0" encoding="UTF-8"?>
<!-- Generated by org.testng.reporters.JUnitReportReporter -->
<testsuite hostname="m2" failures="0" tests="3" name="Framework.Popup" time="1.723" errors="0" timestamp="2020-11-02T14:40:30 IST" skipped="0">
  <testcase classname="Framework.Popup" name="init" time="1.480"/>
  <system-out/>
  <testcase classname="Framework.Popup" name="promptBox" time="0.110"/>
  <system-out/>
  <testcase classname="Framework.Popup" name="confirmBox" time="0.133"/>
  <system-out/>
</testsuite> <!-- Framework.Popup -->
