<?xml version="1.0" encoding="UTF-8"?>
<!-- Generated by org.testng.reporters.JUnitReportReporter -->
<testsuite hostname="m2" failures="0" tests="1" name="RegistrationAutomation" time="23.623" errors="0" timestamp="2020-11-02T11:25:08 IST" skipped="0">
  <testcase classname="RegistrationAutomation" name="registration" time="23.623"/>
  <system-out/>
</testsuite> <!-- RegistrationAutomation -->
