<?xml version="1.0" encoding="UTF-8"?>
<!-- Generated by org.testng.reporters.JUnitReportReporter -->
<testsuite hostname="m2" failures="0" tests="2" name="MultipleBrowser.ICICI_Test" time="42.261" errors="0" timestamp="2020-11-03T15:08:57 IST" skipped="0">
  <testcase classname="MultipleBrowser.ICICI_Test" name="Verifytitle" time="25.628"/>
  <system-out/>
  <testcase classname="MultipleBrowser.ICICI_Test" name="Verifytitle" time="16.633"/>
  <system-out/>
</testsuite> <!-- MultipleBrowser.ICICI_Test -->
