<?xml version="1.0" encoding="UTF-8"?>
<!-- Generated by org.testng.reporters.JUnitReportReporter -->
<testsuite hostname="m2" failures="0" tests="1" name="Firefox.ICICI_Test" time="34.991" errors="0" timestamp="2020-11-02T17:01:58 IST" skipped="0">
  <testcase classname="Firefox.ICICI_Test" name="firefoxTest" time="34.991"/>
  <system-out/>
</testsuite> <!-- Firefox.ICICI_Test -->
