<?xml version="1.0" encoding="UTF-8"?>
<!-- Generated by org.testng.reporters.JUnitReportReporter -->
<testsuite hostname="m2" failures="0" tests="1" name="Chrome.ICICI_Test" time="16.653" errors="0" timestamp="2020-11-06T09:22:01 IST" skipped="0">
  <testcase classname="Chrome.ICICI_Test" name="chromeTest" time="16.653"/>
  <system-out/>
</testsuite> <!-- Chrome.ICICI_Test -->
